<?xml version="1.0" encoding="UTF-8"?>
<testsuite name="com.example.HelloWorldTest" tests="1" skipped="0" failures="0" errors="0" timestamp="2024-01-04T16:54:27" hostname="Ellies-MBP" time="0.107">
  <properties/>
  <testcase name="Test that in the case that the prefix is not null, echo_headers endpoint with a query parameter returns empty response body()" classname="com.example.HelloWorldTest" time="0.107"/>
  <system-out><![CDATA[]]></system-out>
  <system-err><![CDATA[]]></system-err>
</testsuite>
