<?xml version="1.0" encoding="UTF-8"?>
<testsuite name="com.example.HelloWorldTest" tests="1" skipped="0" failures="0" errors="0" timestamp="2024-01-04T17:29:18" hostname="Ellies-MBP" time="0.098">
  <properties/>
  <testcase name="Test that when echo_headers endpoint accepts a query param, request headers are echoed back as response headers but with given prefix attached to header name()" classname="com.example.HelloWorldTest" time="0.098"/>
  <system-out><![CDATA[]]></system-out>
  <system-err><![CDATA[]]></system-err>
</testsuite>
