<?xml version="1.0" encoding="UTF-8"?>
<testsuite name="com.example.HelloWorldClientTest" tests="1" skipped="0" failures="0" errors="0" timestamp="2024-01-09T14:48:48" hostname="Ellies-MBP" time="0.222">
  <properties/>
  <testcase name="Test that client function echoHeadersAsJson returns a json of request headers as response body()" classname="com.example.HelloWorldClientTest" time="0.222"/>
  <system-out><![CDATA[]]></system-out>
  <system-err><![CDATA[]]></system-err>
</testsuite>
