<?xml version="1.0" encoding="UTF-8"?>
<testsuite name="com.example.HelloWorldTest" tests="1" skipped="0" failures="0" errors="0" timestamp="2024-01-05T16:30:35" hostname="Ellies-MBP" time="0.119">
  <properties/>
  <testcase name="Test that hello endpoint reads the Accept_language header and response in the appropriate language when name query param is provided()" classname="com.example.HelloWorldTest" time="0.119"/>
  <system-out><![CDATA[]]></system-out>
  <system-err><![CDATA[]]></system-err>
</testsuite>
