<?xml version="1.0" encoding="UTF-8"?>
<testsuite name="com.example.HelloWorldTest" tests="5" skipped="0" failures="0" errors="0" timestamp="2024-01-04T16:36:46" hostname="Ellies-MBP" time="0.244">
  <properties/>
  <testcase name="Test that echo_headers endpoint returns json object when Accept heading contains json, and string object otherwise()" classname="com.example.HelloWorldTest" time="0.236"/>
  <testcase name="Test that echo_headers endpoint returns list of all request headers in response()" classname="com.example.HelloWorldTest" time="0.001"/>
  <testcase name="Test that endpoint has a path variable that responds with hello from supported languages()" classname="com.example.HelloWorldTest" time="0.003"/>
  <testcase name="Test that hello endpoint returns Hello when no name parameter is used()" classname="com.example.HelloWorldTest" time="0.0"/>
  <testcase name="Test that hello endpoint accepts optional name param and uses it in response when available()" classname="com.example.HelloWorldTest" time="0.0"/>
  <system-out><![CDATA[]]></system-out>
  <system-err><![CDATA[]]></system-err>
</testsuite>
