<?xml version="1.0" encoding="UTF-8"?>
<testsuite name="com.example.HelloWorldClientTest" tests="7" skipped="0" failures="0" errors="0" timestamp="2024-01-10T12:00:18" hostname="Ellies-MBP" time="0.147">
  <properties/>
  <testcase name="Test that client function hello returns hello in appropriate language, with correct name param()" classname="com.example.HelloWorldClientTest" time="0.124"/>
  <testcase name="Test that client function hello returns a greeting in appropriate language, without name parameter()" classname="com.example.HelloWorldClientTest" time="0.007"/>
  <testcase name="Test that client function echoHeaders returns a string version of json object of request headers as response body()" classname="com.example.HelloWorldClientTest" time="0.003"/>
  <testcase name="Test that client function echoHeaders returns a string of request headers as response body()" classname="com.example.HelloWorldClientTest" time="0.003"/>
  <testcase name="Test that client function echoHeaders, when called with prefix param, adds the prefix to all response headers and returns them as string()" classname="com.example.HelloWorldClientTest" time="0.003"/>
  <testcase name="Test that client function hello returns Hi when there is no name param or language param provided()" classname="com.example.HelloWorldClientTest" time="0.002"/>
  <testcase name="Test that client function hello returns Hi with correct name when name parameter is provided()" classname="com.example.HelloWorldClientTest" time="0.004"/>
  <system-out><![CDATA[]]></system-out>
  <system-err><![CDATA[]]></system-err>
</testsuite>
