<?xml version="1.0" encoding="UTF-8"?>
<testsuite name="com.example.HelloWorldTest" tests="4" skipped="0" failures="0" errors="0" timestamp="2023-12-29T12:22:24" hostname="Ellies-MBP" time="0.04">
  <properties/>
  <testcase name="Test that echo_headers endpoint returns list of all request headers in response()" classname="com.example.HelloWorldTest" time="0.032"/>
  <testcase name="Test that endpoint has a path variable that responds with hello from supported languages()" classname="com.example.HelloWorldTest" time="0.006"/>
  <testcase name="Test that hello endpoint returns Hello when no name parameter is used()" classname="com.example.HelloWorldTest" time="0.001"/>
  <testcase name="Test that hello endpoint accepts optional name param and uses it in response when available()" classname="com.example.HelloWorldTest" time="0.001"/>
  <system-out><![CDATA[]]></system-out>
  <system-err><![CDATA[]]></system-err>
</testsuite>
