<?xml version="1.0" encoding="UTF-8"?>
<testsuite name="com.example.HelloWorldTest" tests="9" skipped="1" failures="0" errors="0" timestamp="2024-01-05T17:14:09" hostname="Ellies-MBP" time="0.251">
  <properties/>
  <testcase name="Test that when echo_headers endpoint accepts a query param, request headers are echoed back as response headers but with given prefix attached to header name()" classname="com.example.HelloWorldTest" time="0.101"/>
  <testcase name="Test that hello endpoint reads the Accept_language header and response in the appropriate language when name query param is not provided()" classname="com.example.HelloWorldTest" time="0.003"/>
  <testcase name="Test that hello endpoint reads the Accept_language header and response in the appropriate language when name query param is provided()" classname="com.example.HelloWorldTest" time="0.003"/>
  <testcase name="Test that echo_headers endpoint returns json object when Accept heading contains json, and string object otherwise()" classname="com.example.HelloWorldTest" time="0.137"/>
  <testcase name="Test that echo_headers endpoint returns list of all request headers in response()" classname="com.example.HelloWorldTest" time="0.001"/>
  <testcase name="Test that endpoint has a path variable that responds with hello from supported languages()" classname="com.example.HelloWorldTest" time="0.001">
    <skipped/>
  </testcase>
  <testcase name="Test that in the case that the prefix is not null, echo_headers endpoint with a query parameter returns empty response body()" classname="com.example.HelloWorldTest" time="0.001"/>
  <testcase name="Test that hello endpoint returns Hello when no name parameter is used()" classname="com.example.HelloWorldTest" time="0.0"/>
  <testcase name="Test that hello endpoint accepts optional name param and uses it in response when available()" classname="com.example.HelloWorldTest" time="0.001"/>
  <system-out><![CDATA[]]></system-out>
  <system-err><![CDATA[]]></system-err>
</testsuite>
